{"/Users/mdshabrezakhtar/Downloads/Namaste-React/src/components/Body.js": {"path":"/Users/mdshabrezakhtar/Downloads/Namaste-React/src/components/Body.js","statementMap":{"0":{"start":{"line":7,"column":13},"end":{"line":170,"column":3}},"1":{"start":{"line":63,"column":39},"end":{"line":63,"column":51}},"2":{"start":{"line":65,"column":44},"end":{"line":65,"column":56}},"3":{"start":{"line":67,"column":40},"end":{"line":67,"column":52}},"4":{"start":{"line":69,"column":33},"end":{"line":69,"column":64}},"5":{"start":{"line":71,"column":4},"end":{"line":71,"column":45}},"6":{"start":{"line":73,"column":4},"end":{"line":75,"column":10}},"7":{"start":{"line":74,"column":6},"end":{"line":74,"column":18}},"8":{"start":{"line":77,"column":22},"end":{"line":87,"column":3}},"9":{"start":{"line":80,"column":17},"end":{"line":80,"column":168}},"10":{"start":{"line":81,"column":17},"end":{"line":81,"column":34}},"11":{"start":{"line":83,"column":4},"end":{"line":83,"column":22}},"12":{"start":{"line":85,"column":3},"end":{"line":85,"column":92}},"13":{"start":{"line":86,"column":3},"end":{"line":86,"column":94}},"14":{"start":{"line":89,"column":23},"end":{"line":89,"column":40}},"15":{"start":{"line":91,"column":2},"end":{"line":97,"column":3}},"16":{"start":{"line":92,"column":4},"end":{"line":96,"column":5}},"17":{"start":{"line":101,"column":4},"end":{"line":110,"column":5}},"18":{"start":{"line":103,"column":8},"end":{"line":109,"column":10}},"19":{"start":{"line":106,"column":14},"end":{"line":106,"column":46}},"20":{"start":{"line":112,"column":4},"end":{"line":169,"column":5}},"21":{"start":{"line":119,"column":14},"end":{"line":119,"column":44}},"22":{"start":{"line":124,"column":31},"end":{"line":126,"column":11}},"23":{"start":{"line":125,"column":12},"end":{"line":125,"column":74}},"24":{"start":{"line":128,"column":9},"end":{"line":128,"column":39}},"25":{"start":{"line":136,"column":37},"end":{"line":137,"column":51}},"26":{"start":{"line":137,"column":25},"end":{"line":137,"column":49}},"27":{"start":{"line":139,"column":16},"end":{"line":139,"column":44}},"28":{"start":{"line":141,"column":16},"end":{"line":141,"column":57}},"29":{"start":{"line":152,"column":12},"end":{"line":164,"column":19}}},"fnMap":{"0":{"name":"(anonymous_0)","decl":{"start":{"line":7,"column":13},"end":{"line":7,"column":14}},"loc":{"start":{"line":7,"column":19},"end":{"line":170,"column":3}},"line":7},"1":{"name":"(anonymous_1)","decl":{"start":{"line":73,"column":14},"end":{"line":73,"column":15}},"loc":{"start":{"line":73,"column":20},"end":{"line":75,"column":5}},"line":73},"2":{"name":"(anonymous_2)","decl":{"start":{"line":77,"column":22},"end":{"line":77,"column":23}},"loc":{"start":{"line":77,"column":34},"end":{"line":87,"column":3}},"line":77},"3":{"name":"(anonymous_3)","decl":{"start":{"line":105,"column":31},"end":{"line":105,"column":32}},"loc":{"start":{"line":106,"column":14},"end":{"line":106,"column":46}},"line":106},"4":{"name":"(anonymous_4)","decl":{"start":{"line":118,"column":41},"end":{"line":118,"column":42}},"loc":{"start":{"line":118,"column":48},"end":{"line":120,"column":13}},"line":118},"5":{"name":"(anonymous_5)","decl":{"start":{"line":123,"column":17},"end":{"line":123,"column":18}},"loc":{"start":{"line":123,"column":23},"end":{"line":129,"column":9}},"line":123},"6":{"name":"(anonymous_6)","decl":{"start":{"line":124,"column":49},"end":{"line":124,"column":50}},"loc":{"start":{"line":125,"column":12},"end":{"line":125,"column":74}},"line":125},"7":{"name":"(anonymous_7)","decl":{"start":{"line":134,"column":153},"end":{"line":134,"column":154}},"loc":{"start":{"line":134,"column":159},"end":{"line":142,"column":13}},"line":134},"8":{"name":"(anonymous_8)","decl":{"start":{"line":137,"column":16},"end":{"line":137,"column":17}},"loc":{"start":{"line":137,"column":25},"end":{"line":137,"column":49}},"line":137},"9":{"name":"(anonymous_9)","decl":{"start":{"line":150,"column":29},"end":{"line":150,"column":30}},"loc":{"start":{"line":152,"column":12},"end":{"line":164,"column":19}},"line":152}},"branchMap":{"0":{"loc":{"start":{"line":91,"column":2},"end":{"line":97,"column":3}},"type":"if","locations":[{"start":{"line":91,"column":2},"end":{"line":97,"column":3}},{"start":{},"end":{}}],"line":91},"1":{"loc":{"start":{"line":101,"column":4},"end":{"line":110,"column":5}},"type":"if","locations":[{"start":{"line":101,"column":4},"end":{"line":110,"column":5}},{"start":{},"end":{}}],"line":101},"2":{"loc":{"start":{"line":158,"column":15},"end":{"line":162,"column":16}},"type":"cond-expr","locations":[{"start":{"line":159,"column":15},"end":{"line":159,"column":62}},{"start":{"line":161,"column":14},"end":{"line":161,"column":56}}],"line":158}},"s":{"0":1,"1":4,"2":4,"3":4,"4":4,"5":4,"6":4,"7":1,"8":4,"9":1,"10":1,"11":1,"12":1,"13":1,"14":4,"15":4,"16":0,"17":4,"18":1,"19":8,"20":3,"21":1,"22":1,"23":8,"24":1,"25":0,"26":0,"27":0,"28":0,"29":17},"f":{"0":4,"1":1,"2":1,"3":8,"4":1,"5":1,"6":8,"7":0,"8":0,"9":17},"b":{"0":[0,4],"1":[1,3],"2":[17,0]},"_coverageSchema":"1a1c01bbd47fc00a2c39e90264f33305004495a9","hash":"f67d85ef3f4911b44fda86227e47f57b3fcbeefd"}
,"/Users/mdshabrezakhtar/Downloads/Namaste-React/src/components/Contact.js": {"path":"/Users/mdshabrezakhtar/Downloads/Namaste-React/src/components/Contact.js","statementMap":{"0":{"start":{"line":3,"column":16},"end":{"line":71,"column":1}},"1":{"start":{"line":4,"column":34},"end":{"line":8,"column":4}},"2":{"start":{"line":10,"column":23},"end":{"line":12,"column":3}},"3":{"start":{"line":11,"column":4},"end":{"line":11,"column":66}},"4":{"start":{"line":14,"column":23},"end":{"line":18,"column":3}},"5":{"start":{"line":15,"column":4},"end":{"line":15,"column":23}},"6":{"start":{"line":16,"column":4},"end":{"line":16,"column":44}},"7":{"start":{"line":17,"column":4},"end":{"line":17,"column":54}},"8":{"start":{"line":20,"column":2},"end":{"line":70,"column":4}}},"fnMap":{"0":{"name":"(anonymous_0)","decl":{"start":{"line":3,"column":16},"end":{"line":3,"column":17}},"loc":{"start":{"line":3,"column":22},"end":{"line":71,"column":1}},"line":3},"1":{"name":"(anonymous_1)","decl":{"start":{"line":10,"column":23},"end":{"line":10,"column":24}},"loc":{"start":{"line":10,"column":30},"end":{"line":12,"column":3}},"line":10},"2":{"name":"(anonymous_2)","decl":{"start":{"line":14,"column":23},"end":{"line":14,"column":24}},"loc":{"start":{"line":14,"column":30},"end":{"line":18,"column":3}},"line":14}},"branchMap":{},"s":{"0":1,"1":1,"2":1,"3":0,"4":1,"5":0,"6":0,"7":0,"8":1},"f":{"0":1,"1":0,"2":0},"b":{},"_coverageSchema":"1a1c01bbd47fc00a2c39e90264f33305004495a9","hash":"587a99f35d37807db3a5a737bb11d30dc9b23b08"}
,"/Users/mdshabrezakhtar/Downloads/Namaste-React/src/components/Header.js": {"path":"/Users/mdshabrezakhtar/Downloads/Namaste-React/src/components/Header.js","statementMap":{"0":{"start":{"line":9,"column":15},"end":{"line":84,"column":3}},"1":{"start":{"line":15,"column":23},"end":{"line":15,"column":46}},"2":{"start":{"line":17,"column":0},"end":{"line":17,"column":26}},"3":{"start":{"line":19,"column":0},"end":{"line":19,"column":29}},"4":{"start":{"line":21,"column":0},"end":{"line":23,"column":6}},"5":{"start":{"line":22,"column":2},"end":{"line":22,"column":34}},"6":{"start":{"line":25,"column":40},"end":{"line":25,"column":57}},"7":{"start":{"line":27,"column":21},"end":{"line":27,"column":38}},"8":{"start":{"line":31,"column":18},"end":{"line":31,"column":58}},"9":{"start":{"line":31,"column":41},"end":{"line":31,"column":57}},"10":{"start":{"line":32,"column":0},"end":{"line":32,"column":23}},"11":{"start":{"line":34,"column":4},"end":{"line":83,"column":6}},"12":{"start":{"line":74,"column":16},"end":{"line":76,"column":43}}},"fnMap":{"0":{"name":"(anonymous_0)","decl":{"start":{"line":9,"column":15},"end":{"line":9,"column":16}},"loc":{"start":{"line":9,"column":21},"end":{"line":84,"column":3}},"line":9},"1":{"name":"(anonymous_1)","decl":{"start":{"line":21,"column":10},"end":{"line":21,"column":11}},"loc":{"start":{"line":21,"column":16},"end":{"line":23,"column":1}},"line":21},"2":{"name":"(anonymous_2)","decl":{"start":{"line":31,"column":30},"end":{"line":31,"column":31}},"loc":{"start":{"line":31,"column":41},"end":{"line":31,"column":57}},"line":31},"3":{"name":"(anonymous_3)","decl":{"start":{"line":72,"column":21},"end":{"line":72,"column":22}},"loc":{"start":{"line":73,"column":14},"end":{"line":78,"column":15}},"line":73}},"branchMap":{"0":{"loc":{"start":{"line":45,"column":30},"end":{"line":45,"column":55}},"type":"cond-expr","locations":[{"start":{"line":45,"column":45},"end":{"line":45,"column":48}},{"start":{"line":45,"column":51},"end":{"line":45,"column":55}}],"line":45},"1":{"loc":{"start":{"line":74,"column":16},"end":{"line":76,"column":42}},"type":"cond-expr","locations":[{"start":{"line":75,"column":18},"end":{"line":75,"column":43}},{"start":{"line":76,"column":18},"end":{"line":76,"column":42}}],"line":74}},"s":{"0":2,"1":8,"2":7,"3":7,"4":7,"5":4,"6":7,"7":7,"8":7,"9":13,"10":7,"11":7,"12":1},"f":{"0":8,"1":4,"2":13,"3":1},"b":{"0":[7,0],"1":[1,0]},"_coverageSchema":"1a1c01bbd47fc00a2c39e90264f33305004495a9","hash":"bff594ff57c36fc7e702ef941683c069b21140fe"}
,"/Users/mdshabrezakhtar/Downloads/Namaste-React/src/components/ItemList.js": {"path":"/Users/mdshabrezakhtar/Downloads/Namaste-React/src/components/ItemList.js","statementMap":{"0":{"start":{"line":5,"column":17},"end":{"line":64,"column":1}},"1":{"start":{"line":7,"column":4},"end":{"line":7,"column":23}},"2":{"start":{"line":8,"column":4},"end":{"line":8,"column":23}},"3":{"start":{"line":10,"column":21},"end":{"line":10,"column":34}},"4":{"start":{"line":12,"column":27},"end":{"line":20,"column":5}},"5":{"start":{"line":18,"column":8},"end":{"line":18,"column":31}},"6":{"start":{"line":22,"column":4},"end":{"line":62,"column":6}},"7":{"start":{"line":24,"column":12},"end":{"line":59,"column":18}},"8":{"start":{"line":53,"column":38},"end":{"line":53,"column":58}}},"fnMap":{"0":{"name":"(anonymous_0)","decl":{"start":{"line":5,"column":17},"end":{"line":5,"column":18}},"loc":{"start":{"line":5,"column":37},"end":{"line":64,"column":1}},"line":5},"1":{"name":"(anonymous_1)","decl":{"start":{"line":12,"column":27},"end":{"line":12,"column":28}},"loc":{"start":{"line":12,"column":37},"end":{"line":20,"column":5}},"line":12},"2":{"name":"(anonymous_2)","decl":{"start":{"line":23,"column":19},"end":{"line":23,"column":20}},"loc":{"start":{"line":24,"column":12},"end":{"line":59,"column":18}},"line":24},"3":{"name":"(anonymous_3)","decl":{"start":{"line":53,"column":32},"end":{"line":53,"column":33}},"loc":{"start":{"line":53,"column":38},"end":{"line":53,"column":58}},"line":53}},"branchMap":{"0":{"loc":{"start":{"line":30,"column":52},"end":{"line":30,"column":103}},"type":"binary-expr","locations":[{"start":{"line":30,"column":52},"end":{"line":30,"column":72}},{"start":{"line":30,"column":76},"end":{"line":30,"column":103}}],"line":30}},"s":{"0":1,"1":0,"2":0,"3":0,"4":0,"5":0,"6":0,"7":0,"8":0},"f":{"0":0,"1":0,"2":0,"3":0},"b":{"0":[0,0]},"_coverageSchema":"1a1c01bbd47fc00a2c39e90264f33305004495a9","hash":"9fe15ab503c64745c3613ee62b9b6356746fd14d"}
,"/Users/mdshabrezakhtar/Downloads/Namaste-React/src/components/RestaurantCard.js": {"path":"/Users/mdshabrezakhtar/Downloads/Namaste-React/src/components/RestaurantCard.js","statementMap":{"0":{"start":{"line":6,"column":23},"end":{"line":34,"column":3}},"1":{"start":{"line":8,"column":4},"end":{"line":8,"column":23}},"2":{"start":{"line":12,"column":23},"end":{"line":12,"column":28}},"3":{"start":{"line":15,"column":62},"end":{"line":15,"column":76}},"4":{"start":{"line":16,"column":27},"end":{"line":16,"column":50}},"5":{"start":{"line":18,"column":4},"end":{"line":33,"column":5}},"6":{"start":{"line":37,"column":33},"end":{"line":63,"column":3}},"7":{"start":{"line":38,"column":3},"end":{"line":62,"column":5}},"8":{"start":{"line":39,"column":6},"end":{"line":39,"column":25}},"9":{"start":{"line":40,"column":25},"end":{"line":40,"column":30}},"10":{"start":{"line":41,"column":23},"end":{"line":41,"column":37}},"11":{"start":{"line":42,"column":7},"end":{"line":42,"column":40}},"12":{"start":{"line":43,"column":6},"end":{"line":61,"column":8}}},"fnMap":{"0":{"name":"(anonymous_0)","decl":{"start":{"line":6,"column":23},"end":{"line":6,"column":24}},"loc":{"start":{"line":6,"column":34},"end":{"line":34,"column":3}},"line":6},"1":{"name":"(anonymous_1)","decl":{"start":{"line":37,"column":33},"end":{"line":37,"column":34}},"loc":{"start":{"line":37,"column":53},"end":{"line":63,"column":3}},"line":37},"2":{"name":"(anonymous_2)","decl":{"start":{"line":38,"column":9},"end":{"line":38,"column":10}},"loc":{"start":{"line":38,"column":20},"end":{"line":62,"column":4}},"line":38}},"branchMap":{"0":{"loc":{"start":{"line":54,"column":4},"end":{"line":54,"column":42}},"type":"cond-expr","locations":[{"start":{"line":54,"column":13},"end":{"line":54,"column":27}},{"start":{"line":54,"column":30},"end":{"line":54,"column":42}}],"line":54},"1":{"loc":{"start":{"line":57,"column":3},"end":{"line":57,"column":31}},"type":"cond-expr","locations":[{"start":{"line":57,"column":12},"end":{"line":57,"column":20}},{"start":{"line":57,"column":23},"end":{"line":57,"column":31}}],"line":57}},"s":{"0":2,"1":20,"2":20,"3":19,"4":17,"5":17,"6":2,"7":4,"8":17,"9":17,"10":17,"11":17,"12":17},"f":{"0":20,"1":4,"2":17},"b":{"0":[17,0],"1":[17,0]},"_coverageSchema":"1a1c01bbd47fc00a2c39e90264f33305004495a9","hash":"e7fb20d526a293c729d0f81e77fd406bf4a3578d"}
,"/Users/mdshabrezakhtar/Downloads/Namaste-React/src/components/RestaurantCategory.js": {"path":"/Users/mdshabrezakhtar/Downloads/Namaste-React/src/components/RestaurantCategory.js","statementMap":{"0":{"start":{"line":4,"column":27},"end":{"line":42,"column":1}},"1":{"start":{"line":14,"column":26},"end":{"line":17,"column":5}},"2":{"start":{"line":15,"column":8},"end":{"line":15,"column":31}},"3":{"start":{"line":16,"column":8},"end":{"line":16,"column":23}},"4":{"start":{"line":21,"column":4},"end":{"line":21,"column":22}},"5":{"start":{"line":22,"column":4},"end":{"line":41,"column":5}}},"fnMap":{"0":{"name":"(anonymous_0)","decl":{"start":{"line":4,"column":27},"end":{"line":4,"column":28}},"loc":{"start":{"line":4,"column":71},"end":{"line":42,"column":1}},"line":4},"1":{"name":"(anonymous_1)","decl":{"start":{"line":14,"column":26},"end":{"line":14,"column":27}},"loc":{"start":{"line":14,"column":32},"end":{"line":17,"column":5}},"line":14}},"branchMap":{"0":{"loc":{"start":{"line":34,"column":15},"end":{"line":34,"column":78}},"type":"binary-expr","locations":[{"start":{"line":34,"column":15},"end":{"line":34,"column":24}},{"start":{"line":34,"column":28},"end":{"line":34,"column":78}}],"line":34}},"s":{"0":1,"1":0,"2":0,"3":0,"4":0,"5":0},"f":{"0":0,"1":0},"b":{"0":[0,0]},"_coverageSchema":"1a1c01bbd47fc00a2c39e90264f33305004495a9","hash":"e821979bcf36b2675a388c75c279ca0241e164bb"}
,"/Users/mdshabrezakhtar/Downloads/Namaste-React/src/components/RestaurantMenu.js": {"path":"/Users/mdshabrezakhtar/Downloads/Namaste-React/src/components/RestaurantMenu.js","statementMap":{"0":{"start":{"line":27,"column":23},"end":{"line":101,"column":1}},"1":{"start":{"line":28,"column":20},"end":{"line":28,"column":31}},"2":{"start":{"line":30,"column":20},"end":{"line":30,"column":44}},"3":{"start":{"line":32,"column":37},"end":{"line":32,"column":47}},"4":{"start":{"line":34,"column":18},"end":{"line":34,"column":51}},"5":{"start":{"line":36,"column":4},"end":{"line":36,"column":53}},"6":{"start":{"line":36,"column":26},"end":{"line":36,"column":53}},"7":{"start":{"line":40,"column":47},"end":{"line":40,"column":82}},"8":{"start":{"line":42,"column":23},"end":{"line":42,"column":98}},"9":{"start":{"line":44,"column":3},"end":{"line":44,"column":26}},"10":{"start":{"line":46,"column":3},"end":{"line":46,"column":77}},"11":{"start":{"line":48,"column":22},"end":{"line":50,"column":1}},"12":{"start":{"line":48,"column":97},"end":{"line":49,"column":65}},"13":{"start":{"line":52,"column":0},"end":{"line":52,"column":24}},"14":{"start":{"line":54,"column":3},"end":{"line":100,"column":6}},"15":{"start":{"line":77,"column":19},"end":{"line":94,"column":23}},"16":{"start":{"line":92,"column":43},"end":{"line":92,"column":62}}},"fnMap":{"0":{"name":"(anonymous_0)","decl":{"start":{"line":27,"column":23},"end":{"line":27,"column":24}},"loc":{"start":{"line":27,"column":29},"end":{"line":101,"column":1}},"line":27},"1":{"name":"(anonymous_1)","decl":{"start":{"line":48,"column":90},"end":{"line":48,"column":91}},"loc":{"start":{"line":48,"column":97},"end":{"line":49,"column":65}},"line":48},"2":{"name":"(anonymous_2)","decl":{"start":{"line":76,"column":32},"end":{"line":76,"column":33}},"loc":{"start":{"line":77,"column":19},"end":{"line":94,"column":23}},"line":77},"3":{"name":"(anonymous_3)","decl":{"start":{"line":92,"column":37},"end":{"line":92,"column":38}},"loc":{"start":{"line":92,"column":43},"end":{"line":92,"column":62}},"line":92}},"branchMap":{"0":{"loc":{"start":{"line":36,"column":4},"end":{"line":36,"column":53}},"type":"if","locations":[{"start":{"line":36,"column":4},"end":{"line":36,"column":53}},{"start":{},"end":{}}],"line":36},"1":{"loc":{"start":{"line":91,"column":34},"end":{"line":91,"column":68}},"type":"cond-expr","locations":[{"start":{"line":91,"column":56},"end":{"line":91,"column":60}},{"start":{"line":91,"column":63},"end":{"line":91,"column":68}}],"line":91}},"s":{"0":1,"1":0,"2":0,"3":0,"4":0,"5":0,"6":0,"7":0,"8":0,"9":0,"10":0,"11":0,"12":0,"13":0,"14":0,"15":0,"16":0},"f":{"0":0,"1":0,"2":0,"3":0},"b":{"0":[0,0],"1":[0,0]},"_coverageSchema":"1a1c01bbd47fc00a2c39e90264f33305004495a9","hash":"041d70300d7c3c63ab913551f15c2bd6ce3a9c45"}
,"/Users/mdshabrezakhtar/Downloads/Namaste-React/src/components/ShimmerContainer.js": {"path":"/Users/mdshabrezakhtar/Downloads/Namaste-React/src/components/ShimmerContainer.js","statementMap":{"0":{"start":{"line":1,"column":25},"end":{"line":16,"column":1}},"1":{"start":{"line":2,"column":2},"end":{"line":15,"column":4}}},"fnMap":{"0":{"name":"(anonymous_0)","decl":{"start":{"line":1,"column":25},"end":{"line":1,"column":26}},"loc":{"start":{"line":1,"column":31},"end":{"line":16,"column":1}},"line":1}},"branchMap":{},"s":{"0":2,"1":8},"f":{"0":8},"b":{},"_coverageSchema":"1a1c01bbd47fc00a2c39e90264f33305004495a9","hash":"8f3706a7480ac800498ea9e931767ac130752fbe"}
,"/Users/mdshabrezakhtar/Downloads/Namaste-React/src/components/sum.js": {"path":"/Users/mdshabrezakhtar/Downloads/Namaste-React/src/components/sum.js","statementMap":{"0":{"start":{"line":1,"column":19},"end":{"line":3,"column":1}},"1":{"start":{"line":2,"column":4},"end":{"line":2,"column":15}}},"fnMap":{"0":{"name":"(anonymous_0)","decl":{"start":{"line":1,"column":19},"end":{"line":1,"column":20}},"loc":{"start":{"line":1,"column":28},"end":{"line":3,"column":1}},"line":1}},"branchMap":{},"s":{"0":1,"1":1},"f":{"0":1},"b":{},"_coverageSchema":"1a1c01bbd47fc00a2c39e90264f33305004495a9","hash":"f8af7a8774fe8083df24dc0dcecfb5606dede792"}
,"/Users/mdshabrezakhtar/Downloads/Namaste-React/src/utils/appStore.js": {"path":"/Users/mdshabrezakhtar/Downloads/Namaste-React/src/utils/appStore.js","statementMap":{"0":{"start":{"line":4,"column":17},"end":{"line":10,"column":2}}},"fnMap":{},"branchMap":{},"s":{"0":2},"f":{},"b":{},"_coverageSchema":"1a1c01bbd47fc00a2c39e90264f33305004495a9","hash":"1d06168e70c4f831a46836e46293b0c6f5520c03"}
,"/Users/mdshabrezakhtar/Downloads/Namaste-React/src/utils/cartSlice.js": {"path":"/Users/mdshabrezakhtar/Downloads/Namaste-React/src/utils/cartSlice.js","statementMap":{"0":{"start":{"line":4,"column":18},"end":{"line":32,"column":2}},"1":{"start":{"line":16,"column":12},"end":{"line":16,"column":45}},"2":{"start":{"line":25,"column":12},"end":{"line":25,"column":30}},"3":{"start":{"line":28,"column":12},"end":{"line":28,"column":35}},"4":{"start":{"line":35,"column":48},"end":{"line":35,"column":65}}},"fnMap":{"0":{"name":"(anonymous_0)","decl":{"start":{"line":14,"column":17},"end":{"line":14,"column":18}},"loc":{"start":{"line":14,"column":36},"end":{"line":23,"column":9}},"line":14},"1":{"name":"(anonymous_1)","decl":{"start":{"line":24,"column":20},"end":{"line":24,"column":21}},"loc":{"start":{"line":24,"column":39},"end":{"line":26,"column":9}},"line":24},"2":{"name":"(anonymous_2)","decl":{"start":{"line":27,"column":19},"end":{"line":27,"column":20}},"loc":{"start":{"line":27,"column":30},"end":{"line":29,"column":9}},"line":27}},"branchMap":{},"s":{"0":2,"1":0,"2":0,"3":0,"4":2},"f":{"0":0,"1":0,"2":0},"b":{},"_coverageSchema":"1a1c01bbd47fc00a2c39e90264f33305004495a9","hash":"50f8a8e5a95a81c7c086c11200e13cc3e5936850"}
,"/Users/mdshabrezakhtar/Downloads/Namaste-React/src/utils/common.js": {"path":"/Users/mdshabrezakhtar/Downloads/Namaste-React/src/utils/common.js","statementMap":{"0":{"start":{"line":2,"column":24},"end":{"line":2,"column":99}},"1":{"start":{"line":4,"column":23},"end":{"line":4,"column":106}},"2":{"start":{"line":6,"column":24},"end":{"line":6,"column":161}}},"fnMap":{},"branchMap":{},"s":{"0":4,"1":4,"2":4},"f":{},"b":{},"_coverageSchema":"1a1c01bbd47fc00a2c39e90264f33305004495a9","hash":"39afb6c08ed13c0c1cee3d1b83b61a32d762d175"}
,"/Users/mdshabrezakhtar/Downloads/Namaste-React/src/utils/useOnlineStatus.js": {"path":"/Users/mdshabrezakhtar/Downloads/Namaste-React/src/utils/useOnlineStatus.js","statementMap":{"0":{"start":{"line":3,"column":24},"end":{"line":21,"column":1}},"1":{"start":{"line":6,"column":44},"end":{"line":6,"column":58}},"2":{"start":{"line":8,"column":4},"end":{"line":16,"column":11}},"3":{"start":{"line":9,"column":8},"end":{"line":11,"column":11}},"4":{"start":{"line":10,"column":12},"end":{"line":10,"column":35}},"5":{"start":{"line":13,"column":8},"end":{"line":15,"column":11}},"6":{"start":{"line":14,"column":12},"end":{"line":14,"column":34}},"7":{"start":{"line":18,"column":4},"end":{"line":18,"column":50}},"8":{"start":{"line":20,"column":4},"end":{"line":20,"column":24}}},"fnMap":{"0":{"name":"(anonymous_0)","decl":{"start":{"line":3,"column":24},"end":{"line":3,"column":25}},"loc":{"start":{"line":3,"column":30},"end":{"line":21,"column":1}},"line":3},"1":{"name":"(anonymous_1)","decl":{"start":{"line":8,"column":14},"end":{"line":8,"column":15}},"loc":{"start":{"line":8,"column":20},"end":{"line":16,"column":5}},"line":8},"2":{"name":"(anonymous_2)","decl":{"start":{"line":9,"column":43},"end":{"line":9,"column":44}},"loc":{"start":{"line":9,"column":49},"end":{"line":11,"column":9}},"line":9},"3":{"name":"(anonymous_3)","decl":{"start":{"line":13,"column":42},"end":{"line":13,"column":43}},"loc":{"start":{"line":13,"column":48},"end":{"line":15,"column":9}},"line":13}},"branchMap":{},"s":{"0":3,"1":11,"2":11,"3":5,"4":0,"5":5,"6":0,"7":11,"8":11},"f":{"0":11,"1":5,"2":0,"3":0},"b":{},"_coverageSchema":"1a1c01bbd47fc00a2c39e90264f33305004495a9","hash":"9f4141b1d3a772b39cfdb26a7eab38876ee0b8c5"}
,"/Users/mdshabrezakhtar/Downloads/Namaste-React/src/utils/useRestaurantMenu.js": {"path":"/Users/mdshabrezakhtar/Downloads/Namaste-React/src/utils/useRestaurantMenu.js","statementMap":{"0":{"start":{"line":4,"column":26},"end":{"line":18,"column":1}},"1":{"start":{"line":5,"column":34},"end":{"line":5,"column":48}},"2":{"start":{"line":7,"column":4},"end":{"line":9,"column":10}},"3":{"start":{"line":8,"column":8},"end":{"line":8,"column":20}},"4":{"start":{"line":11,"column":22},"end":{"line":15,"column":5}},"5":{"start":{"line":12,"column":21},"end":{"line":12,"column":50}},"6":{"start":{"line":13,"column":21},"end":{"line":13,"column":38}},"7":{"start":{"line":14,"column":8},"end":{"line":14,"column":30}},"8":{"start":{"line":17,"column":4},"end":{"line":17,"column":19}}},"fnMap":{"0":{"name":"(anonymous_0)","decl":{"start":{"line":4,"column":26},"end":{"line":4,"column":27}},"loc":{"start":{"line":4,"column":37},"end":{"line":18,"column":1}},"line":4},"1":{"name":"(anonymous_1)","decl":{"start":{"line":7,"column":14},"end":{"line":7,"column":15}},"loc":{"start":{"line":7,"column":20},"end":{"line":9,"column":5}},"line":7},"2":{"name":"(anonymous_2)","decl":{"start":{"line":11,"column":22},"end":{"line":11,"column":23}},"loc":{"start":{"line":11,"column":34},"end":{"line":15,"column":5}},"line":11}},"branchMap":{},"s":{"0":1,"1":0,"2":0,"3":0,"4":0,"5":0,"6":0,"7":0,"8":0},"f":{"0":0,"1":0,"2":0},"b":{},"_coverageSchema":"1a1c01bbd47fc00a2c39e90264f33305004495a9","hash":"600b09ac6a629de954a71f0b1ff64e815592145e"}
,"/Users/mdshabrezakhtar/Downloads/Namaste-React/src/utils/userContext.js": {"path":"/Users/mdshabrezakhtar/Downloads/Namaste-React/src/utils/userContext.js","statementMap":{"0":{"start":{"line":3,"column":20},"end":{"line":5,"column":2}}},"fnMap":{},"branchMap":{},"s":{"0":4},"f":{},"b":{},"_coverageSchema":"1a1c01bbd47fc00a2c39e90264f33305004495a9","hash":"c6340b2b333218455a85d8d294ebf8dafebd91e2"}
}
