TN:
SF:src/components/Body.js
FN:7,(anonymous_0)
FN:73,(anonymous_1)
FN:77,(anonymous_2)
FN:105,(anonymous_3)
FN:118,(anonymous_4)
FN:123,(anonymous_5)
FN:124,(anonymous_6)
FN:134,(anonymous_7)
FN:137,(anonymous_8)
FN:150,(anonymous_9)
FNF:10
FNH:8
FNDA:4,(anonymous_0)
FNDA:1,(anonymous_1)
FNDA:1,(anonymous_2)
FNDA:8,(anonymous_3)
FNDA:1,(anonymous_4)
FNDA:1,(anonymous_5)
FNDA:8,(anonymous_6)
FNDA:0,(anonymous_7)
FNDA:0,(anonymous_8)
FNDA:17,(anonymous_9)
DA:7,1
DA:63,4
DA:65,4
DA:67,4
DA:69,4
DA:71,4
DA:73,4
DA:74,1
DA:77,4
DA:80,1
DA:81,1
DA:83,1
DA:85,1
DA:86,1
DA:89,4
DA:91,4
DA:92,0
DA:101,4
DA:103,1
DA:106,8
DA:112,3
DA:119,1
DA:124,1
DA:125,8
DA:128,1
DA:136,0
DA:137,0
DA:139,0
DA:141,0
DA:152,17
LF:30
LH:25
BRDA:91,0,0,0
BRDA:91,0,1,4
BRDA:101,1,0,1
BRDA:101,1,1,3
BRDA:158,2,0,17
BRDA:158,2,1,0
BRF:6
BRH:4
end_of_record
TN:
SF:src/components/Contact.js
FN:3,(anonymous_0)
FN:10,(anonymous_1)
FN:14,(anonymous_2)
FNF:3
FNH:1
FNDA:1,(anonymous_0)
FNDA:0,(anonymous_1)
FNDA:0,(anonymous_2)
DA:3,1
DA:4,1
DA:10,1
DA:11,0
DA:14,1
DA:15,0
DA:16,0
DA:17,0
DA:20,1
LF:9
LH:5
BRF:0
BRH:0
end_of_record
TN:
SF:src/components/Header.js
FN:9,(anonymous_0)
FN:21,(anonymous_1)
FN:31,(anonymous_2)
FN:72,(anonymous_3)
FNF:4
FNH:4
FNDA:8,(anonymous_0)
FNDA:4,(anonymous_1)
FNDA:13,(anonymous_2)
FNDA:1,(anonymous_3)
DA:9,2
DA:15,8
DA:17,7
DA:19,7
DA:21,7
DA:22,4
DA:25,7
DA:27,7
DA:31,13
DA:32,7
DA:34,7
DA:74,1
LF:12
LH:12
BRDA:45,0,0,7
BRDA:45,0,1,0
BRDA:74,1,0,1
BRDA:74,1,1,0
BRF:4
BRH:2
end_of_record
TN:
SF:src/components/ItemList.js
FN:5,(anonymous_0)
FN:12,(anonymous_1)
FN:23,(anonymous_2)
FN:53,(anonymous_3)
FNF:4
FNH:0
FNDA:0,(anonymous_0)
FNDA:0,(anonymous_1)
FNDA:0,(anonymous_2)
FNDA:0,(anonymous_3)
DA:5,1
DA:7,0
DA:8,0
DA:10,0
DA:12,0
DA:18,0
DA:22,0
DA:24,0
DA:53,0
LF:9
LH:1
BRDA:30,0,0,0
BRDA:30,0,1,0
BRF:2
BRH:0
end_of_record
TN:
SF:src/components/RestaurantCard.js
FN:6,(anonymous_0)
FN:37,(anonymous_1)
FN:38,(anonymous_2)
FNF:3
FNH:3
FNDA:20,(anonymous_0)
FNDA:4,(anonymous_1)
FNDA:17,(anonymous_2)
DA:6,2
DA:8,20
DA:12,20
DA:15,19
DA:16,17
DA:18,17
DA:37,2
DA:38,4
DA:39,17
DA:40,17
DA:41,17
DA:42,17
DA:43,17
LF:13
LH:13
BRDA:54,0,0,17
BRDA:54,0,1,0
BRDA:57,1,0,17
BRDA:57,1,1,0
BRF:4
BRH:2
end_of_record
TN:
SF:src/components/RestaurantCategory.js
FN:4,(anonymous_0)
FN:14,(anonymous_1)
FNF:2
FNH:0
FNDA:0,(anonymous_0)
FNDA:0,(anonymous_1)
DA:4,1
DA:14,0
DA:15,0
DA:16,0
DA:21,0
DA:22,0
LF:6
LH:1
BRDA:34,0,0,0
BRDA:34,0,1,0
BRF:2
BRH:0
end_of_record
TN:
SF:src/components/RestaurantMenu.js
FN:27,(anonymous_0)
FN:48,(anonymous_1)
FN:76,(anonymous_2)
FN:92,(anonymous_3)
FNF:4
FNH:0
FNDA:0,(anonymous_0)
FNDA:0,(anonymous_1)
FNDA:0,(anonymous_2)
FNDA:0,(anonymous_3)
DA:27,1
DA:28,0
DA:30,0
DA:32,0
DA:34,0
DA:36,0
DA:40,0
DA:42,0
DA:44,0
DA:46,0
DA:48,0
DA:52,0
DA:54,0
DA:77,0
DA:92,0
LF:15
LH:1
BRDA:36,0,0,0
BRDA:36,0,1,0
BRDA:91,1,0,0
BRDA:91,1,1,0
BRF:4
BRH:0
end_of_record
TN:
SF:src/components/ShimmerContainer.js
FN:1,(anonymous_0)
FNF:1
FNH:1
FNDA:8,(anonymous_0)
DA:1,2
DA:2,8
LF:2
LH:2
BRF:0
BRH:0
end_of_record
TN:
SF:src/components/sum.js
FN:1,(anonymous_0)
FNF:1
FNH:1
FNDA:1,(anonymous_0)
DA:1,1
DA:2,1
LF:2
LH:2
BRF:0
BRH:0
end_of_record
TN:
SF:src/utils/appStore.js
FNF:0
FNH:0
DA:4,2
LF:1
LH:1
BRF:0
BRH:0
end_of_record
TN:
SF:src/utils/cartSlice.js
FN:14,(anonymous_0)
FN:24,(anonymous_1)
FN:27,(anonymous_2)
FNF:3
FNH:0
FNDA:0,(anonymous_0)
FNDA:0,(anonymous_1)
FNDA:0,(anonymous_2)
DA:4,2
DA:16,0
DA:25,0
DA:28,0
DA:35,2
LF:5
LH:2
BRF:0
BRH:0
end_of_record
TN:
SF:src/utils/common.js
FNF:0
FNH:0
DA:2,4
DA:4,4
DA:6,4
LF:3
LH:3
BRF:0
BRH:0
end_of_record
TN:
SF:src/utils/useOnlineStatus.js
FN:3,(anonymous_0)
FN:8,(anonymous_1)
FN:9,(anonymous_2)
FN:13,(anonymous_3)
FNF:4
FNH:2
FNDA:11,(anonymous_0)
FNDA:5,(anonymous_1)
FNDA:0,(anonymous_2)
FNDA:0,(anonymous_3)
DA:3,3
DA:6,11
DA:8,11
DA:9,5
DA:10,0
DA:13,5
DA:14,0
DA:18,11
DA:20,11
LF:9
LH:7
BRF:0
BRH:0
end_of_record
TN:
SF:src/utils/useRestaurantMenu.js
FN:4,(anonymous_0)
FN:7,(anonymous_1)
FN:11,(anonymous_2)
FNF:3
FNH:0
FNDA:0,(anonymous_0)
FNDA:0,(anonymous_1)
FNDA:0,(anonymous_2)
DA:4,1
DA:5,0
DA:7,0
DA:8,0
DA:11,0
DA:12,0
DA:13,0
DA:14,0
DA:17,0
LF:9
LH:1
BRF:0
BRH:0
end_of_record
TN:
SF:src/utils/userContext.js
FNF:0
FNH:0
DA:3,4
LF:1
LH:1
BRF:0
BRH:0
end_of_record
